<?xml version="1.0" encoding="UTF-8" ?>
<testsuite tests="14" failures="0" name="com.bottle.business.template.service.TemplateParserTest" time="0.211" errors="0" skipped="0">
  <properties>
    <property name="java.runtime.name" value="Java(TM) SE Runtime Environment"/>
    <property name="sun.boot.library.path" value="C:\Program Files\Java\jdk1.8.0_111\jre\bin"/>
    <property name="java.vm.version" value="25.111-b14"/>
    <property name="java.vm.vendor" value="Oracle Corporation"/>
    <property name="java.vendor.url" value="http://java.oracle.com/"/>
    <property name="path.separator" value=";"/>
    <property name="java.vm.name" value="Java HotSpot(TM) 64-Bit Server VM"/>
    <property name="file.encoding.pkg" value="sun.io"/>
    <property name="user.script" value=""/>
    <property name="user.country" value="US"/>
    <property name="sun.java.launcher" value="SUN_STANDARD"/>
    <property name="sun.os.patch.level" value=""/>
    <property name="java.vm.specification.name" value="Java Virtual Machine Specification"/>
    <property name="user.dir" value="D:\eclipses\java-neon2\workspace\controllerUI"/>
    <property name="java.runtime.version" value="1.8.0_111-b14"/>
    <property name="java.awt.graphicsenv" value="sun.awt.Win32GraphicsEnvironment"/>
    <property name="basedir" value="D:\eclipses\java-neon2\workspace\controllerUI"/>
    <property name="java.endorsed.dirs" value="C:\Program Files\Java\jdk1.8.0_111\jre\lib\endorsed"/>
    <property name="os.arch" value="amd64"/>
    <property name="surefire.real.class.path" value="D:\eclipses\java-neon2\workspace\controllerUI\target\surefire\surefirebooter2641026099533589943.jar"/>
    <property name="java.io.tmpdir" value="C:\Users\Rainman\AppData\Local\Temp\"/>
    <property name="line.separator" value="
"/>
    <property name="java.vm.specification.vendor" value="Oracle Corporation"/>
    <property name="user.variant" value=""/>
    <property name="os.name" value="Windows 10"/>
    <property name="sun.jnu.encoding" value="GBK"/>
    <property name="java.library.path" value="C:\Program Files\Java\jdk1.8.0_111\jre\bin;C:\WINDOWS\Sun\Java\bin;C:\WINDOWS\system32;C:\WINDOWS;C:\ProgramData\Oracle\Java\javapath;C:\WINDOWS\system32;C:\WINDOWS;C:\WINDOWS\System32\Wbem;C:\WINDOWS\System32\WindowsPowerShell\v1.0\;C:\Program Files\Git\cmd;D:\CloudStorage\web\maven\apache-maven-3.1.0\bin;."/>
    <property name="surefire.test.class.path" value="D:\eclipses\java-neon2\workspace\controllerUI\target\test-classes;D:\eclipses\java-neon2\workspace\controllerUI\target\classes;D:\CloudStorage\web\maven\repository\org\springframework\spring-context\4.3.3.RELEASE\spring-context-4.3.3.RELEASE.jar;D:\CloudStorage\web\maven\repository\org\springframework\spring-expression\4.3.3.RELEASE\spring-expression-4.3.3.RELEASE.jar;D:\CloudStorage\web\maven\repository\org\springframework\spring-core\4.3.3.RELEASE\spring-core-4.3.3.RELEASE.jar;D:\CloudStorage\web\maven\repository\commons-logging\commons-logging\1.2\commons-logging-1.2.jar;D:\CloudStorage\web\maven\repository\org\springframework\spring-beans\4.3.3.RELEASE\spring-beans-4.3.3.RELEASE.jar;D:\CloudStorage\web\maven\repository\org\springframework\spring-aop\4.3.3.RELEASE\spring-aop-4.3.3.RELEASE.jar;D:\CloudStorage\web\maven\repository\log4j\log4j\1.2.17\log4j-1.2.17.jar;D:\CloudStorage\web\maven\repository\junit\junit\4.12\junit-4.12.jar;D:\CloudStorage\web\maven\repository\org\hamcrest\hamcrest-core\1.3\hamcrest-core-1.3.jar;D:\CloudStorage\web\maven\repository\org\apache\maven\surefire\surefire-junit47\2.19.1\surefire-junit47-2.19.1.jar;D:\CloudStorage\web\maven\repository\org\apache\maven\surefire\common-junit48\2.19.1\common-junit48-2.19.1.jar;D:\CloudStorage\web\maven\repository\org\apache\maven\surefire\common-junit4\2.19.1\common-junit4-2.19.1.jar;D:\CloudStorage\web\maven\repository\org\apache\maven\surefire\common-junit3\2.19.1\common-junit3-2.19.1.jar;D:\CloudStorage\web\maven\repository\org\apache\maven\surefire\common-java5\2.19.1\common-java5-2.19.1.jar;D:\CloudStorage\web\maven\repository\org\apache\maven\shared\maven-shared-utils\0.9\maven-shared-utils-0.9.jar;D:\CloudStorage\web\maven\repository\com\google\code\findbugs\jsr305\2.0.1\jsr305-2.0.1.jar;D:\CloudStorage\web\maven\repository\org\apache\maven\surefire\surefire-grouper\2.19.1\surefire-grouper-2.19.1.jar;D:\CloudStorage\web\maven\repository\org\apache\maven\surefire\surefire-api\2.19.1\surefire-api-2.19.1.jar;D:\CloudStorage\web\maven\repository\org\rxtx\rxtx\2.1.7\rxtx-2.1.7.jar;D:\CloudStorage\web\maven\repository\javax\media\jmf\2.1.1e\jmf-2.1.1e.jar;D:\CloudStorage\web\maven\repository\org\bytedeco\javacpp-presets\opencv\3.1.0-1.2\opencv-3.1.0-1.2.jar;D:\CloudStorage\web\maven\repository\org\bytedeco\javacpp-presets\opencv\3.1.0-1.2\opencv-3.1.0-1.2-windows-x86_64.jar;D:\CloudStorage\web\maven\repository\org\bytedeco\javacpp\1.2\javacpp-1.2.jar;D:\CloudStorage\web\maven\repository\org\bytedeco\javacpp-presets\ffmpeg\3.0.2-1.2\ffmpeg-3.0.2-1.2.jar;D:\CloudStorage\web\maven\repository\org\bytedeco\javacpp-presets\ffmpeg\3.0.2-1.2\ffmpeg-3.0.2-1.2-windows-x86_64.jar;D:\CloudStorage\web\maven\repository\org\bytedeco\javacpp-presets\flycapture\2.9.3.43-1.2\flycapture-2.9.3.43-1.2.jar;D:\CloudStorage\web\maven\repository\org\bytedeco\javacpp-presets\flycapture\2.9.3.43-1.2\flycapture-2.9.3.43-1.2-windows-x86_64.jar;D:\CloudStorage\web\maven\repository\org\bytedeco\javacpp-presets\libdc1394\2.2.4-1.2\libdc1394-2.2.4-1.2.jar;D:\CloudStorage\web\maven\repository\org\bytedeco\javacpp-presets\libdc1394\2.2.4-1.2\libdc1394-2.2.4-1.2-windows-x86_64.jar;D:\CloudStorage\web\maven\repository\org\bytedeco\javacpp-presets\libfreenect\0.5.3-1.2\libfreenect-0.5.3-1.2.jar;D:\CloudStorage\web\maven\repository\org\bytedeco\javacpp-presets\libfreenect\0.5.3-1.2\libfreenect-0.5.3-1.2-windows-x86_64.jar;D:\CloudStorage\web\maven\repository\org\bytedeco\javacpp-presets\videoinput\0.200-1.2\videoinput-0.200-1.2.jar;D:\CloudStorage\web\maven\repository\org\bytedeco\javacpp-presets\videoinput\0.200-1.2\videoinput-0.200-1.2-windows-x86_64.jar;D:\CloudStorage\web\maven\repository\org\bytedeco\javacpp-presets\artoolkitplus\2.3.1-1.2\artoolkitplus-2.3.1-1.2.jar;D:\CloudStorage\web\maven\repository\org\bytedeco\javacpp-presets\artoolkitplus\2.3.1-1.2\artoolkitplus-2.3.1-1.2-windows-x86_64.jar;D:\CloudStorage\web\maven\repository\org\bytedeco\javacpp-presets\chilitags\master-1.2\chilitags-master-1.2.jar;D:\CloudStorage\web\maven\repository\org\bytedeco\javacpp-presets\chilitags\master-1.2\chilitags-master-1.2-windows-x86_64.jar;D:\CloudStorage\web\maven\repository\org\bytedeco\javacpp-presets\flandmark\1.07-1.2\flandmark-1.07-1.2.jar;D:\CloudStorage\web\maven\repository\org\bytedeco\javacpp-presets\flandmark\1.07-1.2\flandmark-1.07-1.2-windows-x86_64.jar;D:\CloudStorage\web\maven\repository\org\bytedeco\javacpp-presets\fftw\3.3.4-1.2\fftw-3.3.4-1.2.jar;D:\CloudStorage\web\maven\repository\org\bytedeco\javacpp-presets\fftw\3.3.4-1.2\fftw-3.3.4-1.2-windows-x86_64.jar;D:\CloudStorage\web\maven\repository\org\bytedeco\javacpp-presets\gsl\2.1-1.2\gsl-2.1-1.2.jar;D:\CloudStorage\web\maven\repository\org\bytedeco\javacpp-presets\gsl\2.1-1.2\gsl-2.1-1.2-windows-x86_64.jar;D:\CloudStorage\web\maven\repository\org\bytedeco\javacpp-presets\llvm\3.8.0-1.2\llvm-3.8.0-1.2.jar;D:\CloudStorage\web\maven\repository\org\bytedeco\javacpp-presets\llvm\3.8.0-1.2\llvm-3.8.0-1.2-windows-x86_64.jar;D:\CloudStorage\web\maven\repository\org\bytedeco\javacpp-presets\leptonica\1.73-1.2\leptonica-1.73-1.2.jar;D:\CloudStorage\web\maven\repository\org\bytedeco\javacpp-presets\leptonica\1.73-1.2\leptonica-1.73-1.2-windows-x86_64.jar;D:\CloudStorage\web\maven\repository\org\bytedeco\javacpp-presets\tesseract\3.04.01-1.2\tesseract-3.04.01-1.2.jar;D:\CloudStorage\web\maven\repository\org\bytedeco\javacpp-presets\tesseract\3.04.01-1.2\tesseract-3.04.01-1.2-windows-x86_64.jar;D:\CloudStorage\web\maven\repository\org\bytedeco\javacpp-presets\caffe\rc3-1.2\caffe-rc3-1.2.jar;D:\CloudStorage\web\maven\repository\org\bytedeco\javacpp-presets\caffe\rc3-1.2\caffe-rc3-1.2-windows-x86_64.jar;D:\CloudStorage\web\maven\repository\org\bytedeco\javacpp-presets\cuda\7.5-1.2\cuda-7.5-1.2.jar;D:\CloudStorage\web\maven\repository\org\bytedeco\javacpp-presets\cuda\7.5-1.2\cuda-7.5-1.2-windows-x86_64.jar;D:\CloudStorage\web\maven\repository\org\bytedeco\javacpp-presets\mxnet\master-1.2\mxnet-master-1.2.jar;D:\CloudStorage\web\maven\repository\org\bytedeco\javacpp-presets\mxnet\master-1.2\mxnet-master-1.2-windows-x86_64.jar;D:\CloudStorage\web\maven\repository\org\bytedeco\javacpp-presets\tensorflow\0.8.0-1.2\tensorflow-0.8.0-1.2.jar;D:\CloudStorage\web\maven\repository\org\bytedeco\javacpp-presets\tensorflow\0.8.0-1.2\tensorflow-0.8.0-1.2-windows-x86_64.jar;D:\CloudStorage\web\maven\repository\org\bytedeco\javacv\1.2\javacv-1.2.jar;D:\CloudStorage\web\maven\repository\com\github\sogyf\goja-qrcode\0.1.6\goja-qrcode-0.1.6.jar;D:\CloudStorage\web\maven\repository\com\google\zxing\core\3.2.0\core-3.2.0.jar;D:\CloudStorage\web\maven\repository\com\google\zxing\javase\3.2.0\javase-3.2.0.jar;D:\CloudStorage\web\maven\repository\com\google\guava\guava\18.0\guava-18.0.jar;D:\CloudStorage\web\maven\repository\org\apache\httpcomponents\httpclient\4.5.2\httpclient-4.5.2.jar;D:\CloudStorage\web\maven\repository\org\apache\httpcomponents\httpcore\4.4.4\httpcore-4.4.4.jar;D:\CloudStorage\web\maven\repository\commons-codec\commons-codec\1.9\commons-codec-1.9.jar;D:\CloudStorage\web\maven\repository\com\alibaba\fastjson\1.2.20\fastjson-1.2.20.jar;D:\CloudStorage\web\maven\repository\org\apache\commons\commons-lang3\3.5\commons-lang3-3.5.jar;D:\eclipses\java-neon2\workspace\controllerUI\src\main\resources\lib\beautyeye_lnf.jar;D:\CloudStorage\web\maven\repository\org\apache\mina\mina-core\2.0.16\mina-core-2.0.16.jar;D:\CloudStorage\web\maven\repository\org\slf4j\slf4j-api\1.7.21\slf4j-api-1.7.21.jar;"/>
    <property name="java.specification.name" value="Java Platform API Specification"/>
    <property name="java.class.version" value="52.0"/>
    <property name="sun.management.compiler" value="HotSpot 64-Bit Tiered Compilers"/>
    <property name="os.version" value="10.0"/>
    <property name="user.home" value="C:\Users\Rainman"/>
    <property name="user.timezone" value="Asia/Shanghai"/>
    <property name="java.awt.printerjob" value="sun.awt.windows.WPrinterJob"/>
    <property name="java.specification.version" value="1.8"/>
    <property name="file.encoding" value="GBK"/>
    <property name="user.name" value="Rainman"/>
    <property name="java.class.path" value="D:\eclipses\java-neon2\workspace\controllerUI\target\test-classes;D:\eclipses\java-neon2\workspace\controllerUI\target\classes;D:\CloudStorage\web\maven\repository\org\springframework\spring-context\4.3.3.RELEASE\spring-context-4.3.3.RELEASE.jar;D:\CloudStorage\web\maven\repository\org\springframework\spring-expression\4.3.3.RELEASE\spring-expression-4.3.3.RELEASE.jar;D:\CloudStorage\web\maven\repository\org\springframework\spring-core\4.3.3.RELEASE\spring-core-4.3.3.RELEASE.jar;D:\CloudStorage\web\maven\repository\commons-logging\commons-logging\1.2\commons-logging-1.2.jar;D:\CloudStorage\web\maven\repository\org\springframework\spring-beans\4.3.3.RELEASE\spring-beans-4.3.3.RELEASE.jar;D:\CloudStorage\web\maven\repository\org\springframework\spring-aop\4.3.3.RELEASE\spring-aop-4.3.3.RELEASE.jar;D:\CloudStorage\web\maven\repository\log4j\log4j\1.2.17\log4j-1.2.17.jar;D:\CloudStorage\web\maven\repository\junit\junit\4.12\junit-4.12.jar;D:\CloudStorage\web\maven\repository\org\hamcrest\hamcrest-core\1.3\hamcrest-core-1.3.jar;D:\CloudStorage\web\maven\repository\org\apache\maven\surefire\surefire-junit47\2.19.1\surefire-junit47-2.19.1.jar;D:\CloudStorage\web\maven\repository\org\apache\maven\surefire\common-junit48\2.19.1\common-junit48-2.19.1.jar;D:\CloudStorage\web\maven\repository\org\apache\maven\surefire\common-junit4\2.19.1\common-junit4-2.19.1.jar;D:\CloudStorage\web\maven\repository\org\apache\maven\surefire\common-junit3\2.19.1\common-junit3-2.19.1.jar;D:\CloudStorage\web\maven\repository\org\apache\maven\surefire\common-java5\2.19.1\common-java5-2.19.1.jar;D:\CloudStorage\web\maven\repository\org\apache\maven\shared\maven-shared-utils\0.9\maven-shared-utils-0.9.jar;D:\CloudStorage\web\maven\repository\com\google\code\findbugs\jsr305\2.0.1\jsr305-2.0.1.jar;D:\CloudStorage\web\maven\repository\org\apache\maven\surefire\surefire-grouper\2.19.1\surefire-grouper-2.19.1.jar;D:\CloudStorage\web\maven\repository\org\apache\maven\surefire\surefire-api\2.19.1\surefire-api-2.19.1.jar;D:\CloudStorage\web\maven\repository\org\rxtx\rxtx\2.1.7\rxtx-2.1.7.jar;D:\CloudStorage\web\maven\repository\javax\media\jmf\2.1.1e\jmf-2.1.1e.jar;D:\CloudStorage\web\maven\repository\org\bytedeco\javacpp-presets\opencv\3.1.0-1.2\opencv-3.1.0-1.2.jar;D:\CloudStorage\web\maven\repository\org\bytedeco\javacpp-presets\opencv\3.1.0-1.2\opencv-3.1.0-1.2-windows-x86_64.jar;D:\CloudStorage\web\maven\repository\org\bytedeco\javacpp\1.2\javacpp-1.2.jar;D:\CloudStorage\web\maven\repository\org\bytedeco\javacpp-presets\ffmpeg\3.0.2-1.2\ffmpeg-3.0.2-1.2.jar;D:\CloudStorage\web\maven\repository\org\bytedeco\javacpp-presets\ffmpeg\3.0.2-1.2\ffmpeg-3.0.2-1.2-windows-x86_64.jar;D:\CloudStorage\web\maven\repository\org\bytedeco\javacpp-presets\flycapture\2.9.3.43-1.2\flycapture-2.9.3.43-1.2.jar;D:\CloudStorage\web\maven\repository\org\bytedeco\javacpp-presets\flycapture\2.9.3.43-1.2\flycapture-2.9.3.43-1.2-windows-x86_64.jar;D:\CloudStorage\web\maven\repository\org\bytedeco\javacpp-presets\libdc1394\2.2.4-1.2\libdc1394-2.2.4-1.2.jar;D:\CloudStorage\web\maven\repository\org\bytedeco\javacpp-presets\libdc1394\2.2.4-1.2\libdc1394-2.2.4-1.2-windows-x86_64.jar;D:\CloudStorage\web\maven\repository\org\bytedeco\javacpp-presets\libfreenect\0.5.3-1.2\libfreenect-0.5.3-1.2.jar;D:\CloudStorage\web\maven\repository\org\bytedeco\javacpp-presets\libfreenect\0.5.3-1.2\libfreenect-0.5.3-1.2-windows-x86_64.jar;D:\CloudStorage\web\maven\repository\org\bytedeco\javacpp-presets\videoinput\0.200-1.2\videoinput-0.200-1.2.jar;D:\CloudStorage\web\maven\repository\org\bytedeco\javacpp-presets\videoinput\0.200-1.2\videoinput-0.200-1.2-windows-x86_64.jar;D:\CloudStorage\web\maven\repository\org\bytedeco\javacpp-presets\artoolkitplus\2.3.1-1.2\artoolkitplus-2.3.1-1.2.jar;D:\CloudStorage\web\maven\repository\org\bytedeco\javacpp-presets\artoolkitplus\2.3.1-1.2\artoolkitplus-2.3.1-1.2-windows-x86_64.jar;D:\CloudStorage\web\maven\repository\org\bytedeco\javacpp-presets\chilitags\master-1.2\chilitags-master-1.2.jar;D:\CloudStorage\web\maven\repository\org\bytedeco\javacpp-presets\chilitags\master-1.2\chilitags-master-1.2-windows-x86_64.jar;D:\CloudStorage\web\maven\repository\org\bytedeco\javacpp-presets\flandmark\1.07-1.2\flandmark-1.07-1.2.jar;D:\CloudStorage\web\maven\repository\org\bytedeco\javacpp-presets\flandmark\1.07-1.2\flandmark-1.07-1.2-windows-x86_64.jar;D:\CloudStorage\web\maven\repository\org\bytedeco\javacpp-presets\fftw\3.3.4-1.2\fftw-3.3.4-1.2.jar;D:\CloudStorage\web\maven\repository\org\bytedeco\javacpp-presets\fftw\3.3.4-1.2\fftw-3.3.4-1.2-windows-x86_64.jar;D:\CloudStorage\web\maven\repository\org\bytedeco\javacpp-presets\gsl\2.1-1.2\gsl-2.1-1.2.jar;D:\CloudStorage\web\maven\repository\org\bytedeco\javacpp-presets\gsl\2.1-1.2\gsl-2.1-1.2-windows-x86_64.jar;D:\CloudStorage\web\maven\repository\org\bytedeco\javacpp-presets\llvm\3.8.0-1.2\llvm-3.8.0-1.2.jar;D:\CloudStorage\web\maven\repository\org\bytedeco\javacpp-presets\llvm\3.8.0-1.2\llvm-3.8.0-1.2-windows-x86_64.jar;D:\CloudStorage\web\maven\repository\org\bytedeco\javacpp-presets\leptonica\1.73-1.2\leptonica-1.73-1.2.jar;D:\CloudStorage\web\maven\repository\org\bytedeco\javacpp-presets\leptonica\1.73-1.2\leptonica-1.73-1.2-windows-x86_64.jar;D:\CloudStorage\web\maven\repository\org\bytedeco\javacpp-presets\tesseract\3.04.01-1.2\tesseract-3.04.01-1.2.jar;D:\CloudStorage\web\maven\repository\org\bytedeco\javacpp-presets\tesseract\3.04.01-1.2\tesseract-3.04.01-1.2-windows-x86_64.jar;D:\CloudStorage\web\maven\repository\org\bytedeco\javacpp-presets\caffe\rc3-1.2\caffe-rc3-1.2.jar;D:\CloudStorage\web\maven\repository\org\bytedeco\javacpp-presets\caffe\rc3-1.2\caffe-rc3-1.2-windows-x86_64.jar;D:\CloudStorage\web\maven\repository\org\bytedeco\javacpp-presets\cuda\7.5-1.2\cuda-7.5-1.2.jar;D:\CloudStorage\web\maven\repository\org\bytedeco\javacpp-presets\cuda\7.5-1.2\cuda-7.5-1.2-windows-x86_64.jar;D:\CloudStorage\web\maven\repository\org\bytedeco\javacpp-presets\mxnet\master-1.2\mxnet-master-1.2.jar;D:\CloudStorage\web\maven\repository\org\bytedeco\javacpp-presets\mxnet\master-1.2\mxnet-master-1.2-windows-x86_64.jar;D:\CloudStorage\web\maven\repository\org\bytedeco\javacpp-presets\tensorflow\0.8.0-1.2\tensorflow-0.8.0-1.2.jar;D:\CloudStorage\web\maven\repository\org\bytedeco\javacpp-presets\tensorflow\0.8.0-1.2\tensorflow-0.8.0-1.2-windows-x86_64.jar;D:\CloudStorage\web\maven\repository\org\bytedeco\javacv\1.2\javacv-1.2.jar;D:\CloudStorage\web\maven\repository\com\github\sogyf\goja-qrcode\0.1.6\goja-qrcode-0.1.6.jar;D:\CloudStorage\web\maven\repository\com\google\zxing\core\3.2.0\core-3.2.0.jar;D:\CloudStorage\web\maven\repository\com\google\zxing\javase\3.2.0\javase-3.2.0.jar;D:\CloudStorage\web\maven\repository\com\google\guava\guava\18.0\guava-18.0.jar;D:\CloudStorage\web\maven\repository\org\apache\httpcomponents\httpclient\4.5.2\httpclient-4.5.2.jar;D:\CloudStorage\web\maven\repository\org\apache\httpcomponents\httpcore\4.4.4\httpcore-4.4.4.jar;D:\CloudStorage\web\maven\repository\commons-codec\commons-codec\1.9\commons-codec-1.9.jar;D:\CloudStorage\web\maven\repository\com\alibaba\fastjson\1.2.20\fastjson-1.2.20.jar;D:\CloudStorage\web\maven\repository\org\apache\commons\commons-lang3\3.5\commons-lang3-3.5.jar;D:\eclipses\java-neon2\workspace\controllerUI\src\main\resources\lib\beautyeye_lnf.jar;D:\CloudStorage\web\maven\repository\org\apache\mina\mina-core\2.0.16\mina-core-2.0.16.jar;D:\CloudStorage\web\maven\repository\org\slf4j\slf4j-api\1.7.21\slf4j-api-1.7.21.jar;"/>
    <property name="java.vm.specification.version" value="1.8"/>
    <property name="sun.arch.data.model" value="64"/>
    <property name="java.home" value="C:\Program Files\Java\jdk1.8.0_111\jre"/>
    <property name="sun.java.command" value="D:\eclipses\java-neon2\workspace\controllerUI\target\surefire\surefirebooter2641026099533589943.jar D:\eclipses\java-neon2\workspace\controllerUI\target\surefire\surefire8787260949236377169tmp D:\eclipses\java-neon2\workspace\controllerUI\target\surefire\surefire6060038643555747490tmp"/>
    <property name="java.specification.vendor" value="Oracle Corporation"/>
    <property name="user.language" value="en"/>
    <property name="awt.toolkit" value="sun.awt.windows.WToolkit"/>
    <property name="java.vm.info" value="mixed mode"/>
    <property name="java.version" value="1.8.0_111"/>
    <property name="java.ext.dirs" value="C:\Program Files\Java\jdk1.8.0_111\jre\lib\ext;C:\WINDOWS\Sun\Java\lib\ext"/>
    <property name="sun.boot.class.path" value="C:\Program Files\Java\jdk1.8.0_111\jre\lib\resources.jar;C:\Program Files\Java\jdk1.8.0_111\jre\lib\rt.jar;C:\Program Files\Java\jdk1.8.0_111\jre\lib\sunrsasign.jar;C:\Program Files\Java\jdk1.8.0_111\jre\lib\jsse.jar;C:\Program Files\Java\jdk1.8.0_111\jre\lib\jce.jar;C:\Program Files\Java\jdk1.8.0_111\jre\lib\charsets.jar;C:\Program Files\Java\jdk1.8.0_111\jre\lib\jfr.jar;C:\Program Files\Java\jdk1.8.0_111\jre\classes"/>
    <property name="java.vendor" value="Oracle Corporation"/>
    <property name="localRepository" value="D:\CloudStorage\web\maven\repository"/>
    <property name="file.separator" value="\"/>
    <property name="java.vendor.url.bug" value="http://bugreport.sun.com/bugreport/"/>
    <property name="sun.cpu.endian" value="little"/>
    <property name="sun.io.unicode.encoding" value="UnicodeLittle"/>
    <property name="sun.desktop" value="windows"/>
    <property name="sun.cpu.isalist" value="amd64"/>
  </properties>
  <testcase classname="com.bottle.business.template.service.TemplateParserTest" name="test_getTemplateFromByteArray_NotSupportedIsMetalType" time="0.018"/>
  <testcase classname="com.bottle.business.template.service.TemplateParserTest" name="test_GetLongFromHighByteAndLowByte" time="0.001"/>
  <testcase classname="com.bottle.business.template.service.TemplateParserTest" name="test_ValidateTotalLength_OK" time="0"/>
  <testcase classname="com.bottle.business.template.service.TemplateParserTest" name="test_GetPositionInfoListFromImageByteArray_SizeInvalid" time="0"/>
  <testcase classname="com.bottle.business.template.service.TemplateParserTest" name="test_getByteArrayFromTemplate" time="0.059"/>
  <testcase classname="com.bottle.business.template.service.TemplateParserTest" name="test_GetPositionInfoListFromImageByteArray_DataNull" time="0"/>
  <testcase classname="com.bottle.business.template.service.TemplateParserTest" name="test_GetHighBitAndLowBitFromNumber" time="0"/>
  <testcase classname="com.bottle.business.template.service.TemplateParserTest" name="test_GetImageByteArrayFromPositionList" time="0"/>
  <testcase classname="com.bottle.business.template.service.TemplateParserTest" name="test_getTemplateFromByteArray_IncorrectLength" time="0"/>
  <testcase classname="com.bottle.business.template.service.TemplateParserTest" name="test_GetPositionInfoListFromImageByteArray_Normal" time="0"/>
  <testcase classname="com.bottle.business.template.service.TemplateParserTest" name="test_ValidateTotalLength_Exception" time="0"/>
  <testcase classname="com.bottle.business.template.service.TemplateParserTest" name="test_getTemplateFromByteArray_ImageLengthValid" time="0.001"/>
  <testcase classname="com.bottle.business.template.service.TemplateParserTest" name="test_getTemplateFromByteArray_Normal" time="0"/>
  <testcase classname="com.bottle.business.template.service.TemplateParserTest" name="test_getTemplateFromByteArray_NullInput" time="0.001"/>
</testsuite>